2024-11-19 14:19:22 notice: Undefined property `OrientationmoteurController::$Orientationmoteur` in `C:\xampp\htdocs\Explo-Techno-Projet\Explo-Techno-projet\src\Controller\OrientationmoteurController.php` on line 20
Request URL: /OrientationMoteur
Client IP: 127.0.0.1
Trace:
C:\xampp\htdocs\Explo-Techno-Projet\Explo-Techno-projet\vendor\cakephp\cakephp\src\Controller\Controller.php C:\xampp\htdocs\Explo-Techno-Projet\Explo-Techno-projet\vendor\cakephp\cakephp\src\Controller\Controller.php, line 324
Cake\Controller\Controller->__get() C:\xampp\htdocs\Explo-Techno-Projet\Explo-Techno-projet\src\Controller\OrientationmoteurController.php, line 20
App\Controller\OrientationmoteurController->index() C:\xampp\htdocs\Explo-Techno-Projet\Explo-Techno-projet\vendor\cakephp\cakephp\src\Controller\Controller.php, line 503
Cake\Controller\Controller->invokeAction() C:\xampp\htdocs\Explo-Techno-Projet\Explo-Techno-projet\vendor\cakephp\cakephp\src\Controller\ControllerFactory.php, line 166
Cake\Controller\ControllerFactory->handle() C:\xampp\htdocs\Explo-Techno-Projet\Explo-Techno-projet\vendor\cakephp\cakephp\src\Controller\ControllerFactory.php, line 141
Cake\Controller\ControllerFactory->invoke() C:\xampp\htdocs\Explo-Techno-Projet\Explo-Techno-projet\vendor\cakephp\cakephp\src\Http\BaseApplication.php, line 362
Cake\Http\BaseApplication->handle() C:\xampp\htdocs\Explo-Techno-Projet\Explo-Techno-projet\vendor\cakephp\cakephp\src\Http\Runner.php, line 86
Cake\Http\Runner->handle() C:\xampp\htdocs\Explo-Techno-Projet\Explo-Techno-projet\vendor\cakephp\cakephp\src\Http\Middleware\CsrfProtectionMiddleware.php, line 169
Cake\Http\Middleware\CsrfProtectionMiddleware->process() C:\xampp\htdocs\Explo-Techno-Projet\Explo-Techno-projet\vendor\cakephp\cakephp\src\Http\Runner.php, line 82
Cake\Http\Runner->handle() C:\xampp\htdocs\Explo-Techno-Projet\Explo-Techno-projet\vendor\cakephp\cakephp\src\Http\Middleware\BodyParserMiddleware.php, line 157
Cake\Http\Middleware\BodyParserMiddleware->process() C:\xampp\htdocs\Explo-Techno-Projet\Explo-Techno-projet\vendor\cakephp\cakephp\src\Http\Runner.php, line 82
Cake\Http\Runner->handle() C:\xampp\htdocs\Explo-Techno-Projet\Explo-Techno-projet\vendor\cakephp\cakephp\src\Routing\Middleware\RoutingMiddleware.php, line 118
Cake\Routing\Middleware\RoutingMiddleware->process() C:\xampp\htdocs\Explo-Techno-Projet\Explo-Techno-projet\vendor\cakephp\cakephp\src\Http\Runner.php, line 82
Cake\Http\Runner->handle() C:\xampp\htdocs\Explo-Techno-Projet\Explo-Techno-projet\vendor\cakephp\cakephp\src\Routing\Middleware\AssetMiddleware.php, line 69
Cake\Routing\Middleware\AssetMiddleware->process() C:\xampp\htdocs\Explo-Techno-Projet\Explo-Techno-projet\vendor\cakephp\cakephp\src\Http\Runner.php, line 82
Cake\Http\Runner->handle() C:\xampp\htdocs\Explo-Techno-Projet\Explo-Techno-projet\vendor\cakephp\cakephp\src\Error\Middleware\ErrorHandlerMiddleware.php, line 115
Cake\Error\Middleware\ErrorHandlerMiddleware->process() C:\xampp\htdocs\Explo-Techno-Projet\Explo-Techno-projet\vendor\cakephp\cakephp\src\Http\Runner.php, line 82
Cake\Http\Runner->handle() C:\xampp\htdocs\Explo-Techno-Projet\Explo-Techno-projet\vendor\cakephp\debug_kit\src\Middleware\DebugKitMiddleware.php, line 60
DebugKit\Middleware\DebugKitMiddleware->process() C:\xampp\htdocs\Explo-Techno-Projet\Explo-Techno-projet\vendor\cakephp\cakephp\src\Http\Runner.php, line 82
Cake\Http\Runner->handle() C:\xampp\htdocs\Explo-Techno-Projet\Explo-Techno-projet\vendor\cakephp\cakephp\src\Http\Runner.php, line 60
Cake\Http\Runner->run() C:\xampp\htdocs\Explo-Techno-Projet\Explo-Techno-projet\vendor\cakephp\cakephp\src\Http\Server.php, line 104
Cake\Http\Server->run() C:\xampp\htdocs\Explo-Techno-Projet\Explo-Techno-projet\webroot\index.php, line 37
[main]

2024-12-10 15:19:02 notice: Undefined property `UtilisateurController::$Auth` in `C:\xampp\htdocs\Explo-Techno-Projet\Explo-Techno-projet\src\Controller\UtilisateurController.php` on line 137
Request URL: /utilisateur/connexion
Referer URL: http://localhost/Explo-Techno-Projet/Explo-Techno-projet/utilisateur/connexion
Trace:
C:\xampp\htdocs\Explo-Techno-Projet\Explo-Techno-projet\vendor\cakephp\cakephp\src\Controller\Controller.php C:\xampp\htdocs\Explo-Techno-Projet\Explo-Techno-projet\vendor\cakephp\cakephp\src\Controller\Controller.php, line 324
Cake\Controller\Controller->__get() C:\xampp\htdocs\Explo-Techno-Projet\Explo-Techno-projet\src\Controller\UtilisateurController.php, line 137
App\Controller\UtilisateurController->connexion() C:\xampp\htdocs\Explo-Techno-Projet\Explo-Techno-projet\vendor\cakephp\cakephp\src\Controller\Controller.php, line 503
Cake\Controller\Controller->invokeAction() C:\xampp\htdocs\Explo-Techno-Projet\Explo-Techno-projet\vendor\cakephp\cakephp\src\Controller\ControllerFactory.php, line 166
Cake\Controller\ControllerFactory->handle() C:\xampp\htdocs\Explo-Techno-Projet\Explo-Techno-projet\vendor\cakephp\cakephp\src\Controller\ControllerFactory.php, line 141
Cake\Controller\ControllerFactory->invoke() C:\xampp\htdocs\Explo-Techno-Projet\Explo-Techno-projet\vendor\cakephp\cakephp\src\Http\BaseApplication.php, line 362
Cake\Http\BaseApplication->handle() C:\xampp\htdocs\Explo-Techno-Projet\Explo-Techno-projet\vendor\cakephp\cakephp\src\Http\Runner.php, line 86
Cake\Http\Runner->handle() C:\xampp\htdocs\Explo-Techno-Projet\Explo-Techno-projet\vendor\cakephp\cakephp\src\Http\Middleware\CsrfProtectionMiddleware.php, line 169
Cake\Http\Middleware\CsrfProtectionMiddleware->process() C:\xampp\htdocs\Explo-Techno-Projet\Explo-Techno-projet\vendor\cakephp\cakephp\src\Http\Runner.php, line 82
Cake\Http\Runner->handle() C:\xampp\htdocs\Explo-Techno-Projet\Explo-Techno-projet\vendor\cakephp\cakephp\src\Http\Middleware\BodyParserMiddleware.php, line 162
Cake\Http\Middleware\BodyParserMiddleware->process() C:\xampp\htdocs\Explo-Techno-Projet\Explo-Techno-projet\vendor\cakephp\cakephp\src\Http\Runner.php, line 82
Cake\Http\Runner->handle() C:\xampp\htdocs\Explo-Techno-Projet\Explo-Techno-projet\vendor\cakephp\cakephp\src\Routing\Middleware\RoutingMiddleware.php, line 118
Cake\Routing\Middleware\RoutingMiddleware->process() C:\xampp\htdocs\Explo-Techno-Projet\Explo-Techno-projet\vendor\cakephp\cakephp\src\Http\Runner.php, line 82
Cake\Http\Runner->handle() C:\xampp\htdocs\Explo-Techno-Projet\Explo-Techno-projet\vendor\cakephp\cakephp\src\Routing\Middleware\AssetMiddleware.php, line 69
Cake\Routing\Middleware\AssetMiddleware->process() C:\xampp\htdocs\Explo-Techno-Projet\Explo-Techno-projet\vendor\cakephp\cakephp\src\Http\Runner.php, line 82
Cake\Http\Runner->handle() C:\xampp\htdocs\Explo-Techno-Projet\Explo-Techno-projet\vendor\cakephp\cakephp\src\Error\Middleware\ErrorHandlerMiddleware.php, line 115
Cake\Error\Middleware\ErrorHandlerMiddleware->process() C:\xampp\htdocs\Explo-Techno-Projet\Explo-Techno-projet\vendor\cakephp\cakephp\src\Http\Runner.php, line 82
Cake\Http\Runner->handle() C:\xampp\htdocs\Explo-Techno-Projet\Explo-Techno-projet\vendor\cakephp\debug_kit\src\Middleware\DebugKitMiddleware.php, line 60
DebugKit\Middleware\DebugKitMiddleware->process() C:\xampp\htdocs\Explo-Techno-Projet\Explo-Techno-projet\vendor\cakephp\cakephp\src\Http\Runner.php, line 82
Cake\Http\Runner->handle() C:\xampp\htdocs\Explo-Techno-Projet\Explo-Techno-projet\vendor\cakephp\cakephp\src\Http\Runner.php, line 60
Cake\Http\Runner->run() C:\xampp\htdocs\Explo-Techno-Projet\Explo-Techno-projet\vendor\cakephp\cakephp\src\Http\Server.php, line 104
Cake\Http\Server->run() C:\xampp\htdocs\Explo-Techno-Projet\Explo-Techno-projet\webroot\index.php, line 37
[main]

2024-12-10 15:19:40 notice: Undefined property `UtilisateurController::$Auth` in `C:\xampp\htdocs\Explo-Techno-Projet\Explo-Techno-projet\src\Controller\UtilisateurController.php` on line 137
Request URL: /utilisateur/connexion
Referer URL: http://localhost/Explo-Techno-Projet/Explo-Techno-projet/utilisateur/connexion
Trace:
C:\xampp\htdocs\Explo-Techno-Projet\Explo-Techno-projet\vendor\cakephp\cakephp\src\Controller\Controller.php C:\xampp\htdocs\Explo-Techno-Projet\Explo-Techno-projet\vendor\cakephp\cakephp\src\Controller\Controller.php, line 324
Cake\Controller\Controller->__get() C:\xampp\htdocs\Explo-Techno-Projet\Explo-Techno-projet\src\Controller\UtilisateurController.php, line 137
App\Controller\UtilisateurController->connexion() C:\xampp\htdocs\Explo-Techno-Projet\Explo-Techno-projet\vendor\cakephp\cakephp\src\Controller\Controller.php, line 503
Cake\Controller\Controller->invokeAction() C:\xampp\htdocs\Explo-Techno-Projet\Explo-Techno-projet\vendor\cakephp\cakephp\src\Controller\ControllerFactory.php, line 166
Cake\Controller\ControllerFactory->handle() C:\xampp\htdocs\Explo-Techno-Projet\Explo-Techno-projet\vendor\cakephp\cakephp\src\Controller\ControllerFactory.php, line 141
Cake\Controller\ControllerFactory->invoke() C:\xampp\htdocs\Explo-Techno-Projet\Explo-Techno-projet\vendor\cakephp\cakephp\src\Http\BaseApplication.php, line 362
Cake\Http\BaseApplication->handle() C:\xampp\htdocs\Explo-Techno-Projet\Explo-Techno-projet\vendor\cakephp\cakephp\src\Http\Runner.php, line 86
Cake\Http\Runner->handle() C:\xampp\htdocs\Explo-Techno-Projet\Explo-Techno-projet\vendor\cakephp\cakephp\src\Http\Middleware\CsrfProtectionMiddleware.php, line 169
Cake\Http\Middleware\CsrfProtectionMiddleware->process() C:\xampp\htdocs\Explo-Techno-Projet\Explo-Techno-projet\vendor\cakephp\cakephp\src\Http\Runner.php, line 82
Cake\Http\Runner->handle() C:\xampp\htdocs\Explo-Techno-Projet\Explo-Techno-projet\vendor\cakephp\cakephp\src\Http\Middleware\BodyParserMiddleware.php, line 162
Cake\Http\Middleware\BodyParserMiddleware->process() C:\xampp\htdocs\Explo-Techno-Projet\Explo-Techno-projet\vendor\cakephp\cakephp\src\Http\Runner.php, line 82
Cake\Http\Runner->handle() C:\xampp\htdocs\Explo-Techno-Projet\Explo-Techno-projet\vendor\cakephp\cakephp\src\Routing\Middleware\RoutingMiddleware.php, line 118
Cake\Routing\Middleware\RoutingMiddleware->process() C:\xampp\htdocs\Explo-Techno-Projet\Explo-Techno-projet\vendor\cakephp\cakephp\src\Http\Runner.php, line 82
Cake\Http\Runner->handle() C:\xampp\htdocs\Explo-Techno-Projet\Explo-Techno-projet\vendor\cakephp\cakephp\src\Routing\Middleware\AssetMiddleware.php, line 69
Cake\Routing\Middleware\AssetMiddleware->process() C:\xampp\htdocs\Explo-Techno-Projet\Explo-Techno-projet\vendor\cakephp\cakephp\src\Http\Runner.php, line 82
Cake\Http\Runner->handle() C:\xampp\htdocs\Explo-Techno-Projet\Explo-Techno-projet\vendor\cakephp\cakephp\src\Error\Middleware\ErrorHandlerMiddleware.php, line 115
Cake\Error\Middleware\ErrorHandlerMiddleware->process() C:\xampp\htdocs\Explo-Techno-Projet\Explo-Techno-projet\vendor\cakephp\cakephp\src\Http\Runner.php, line 82
Cake\Http\Runner->handle() C:\xampp\htdocs\Explo-Techno-Projet\Explo-Techno-projet\vendor\cakephp\debug_kit\src\Middleware\DebugKitMiddleware.php, line 60
DebugKit\Middleware\DebugKitMiddleware->process() C:\xampp\htdocs\Explo-Techno-Projet\Explo-Techno-projet\vendor\cakephp\cakephp\src\Http\Runner.php, line 82
Cake\Http\Runner->handle() C:\xampp\htdocs\Explo-Techno-Projet\Explo-Techno-projet\vendor\cakephp\cakephp\src\Http\Runner.php, line 60
Cake\Http\Runner->run() C:\xampp\htdocs\Explo-Techno-Projet\Explo-Techno-projet\vendor\cakephp\cakephp\src\Http\Server.php, line 104
Cake\Http\Server->run() C:\xampp\htdocs\Explo-Techno-Projet\Explo-Techno-projet\webroot\index.php, line 37
[main]

2024-12-10 15:24:52 notice: Undefined property `UtilisateurController::$Auth` in `C:\xampp\htdocs\Explo-Techno-Projet\Explo-Techno-projet\src\Controller\UtilisateurController.php` on line 137
Request URL: /utilisateur/connexion
Referer URL: http://localhost/Explo-Techno-Projet/Explo-Techno-projet/utilisateur/connexion
Trace:
C:\xampp\htdocs\Explo-Techno-Projet\Explo-Techno-projet\vendor\cakephp\cakephp\src\Controller\Controller.php C:\xampp\htdocs\Explo-Techno-Projet\Explo-Techno-projet\vendor\cakephp\cakephp\src\Controller\Controller.php, line 324
Cake\Controller\Controller->__get() C:\xampp\htdocs\Explo-Techno-Projet\Explo-Techno-projet\src\Controller\UtilisateurController.php, line 137
App\Controller\UtilisateurController->connexion() C:\xampp\htdocs\Explo-Techno-Projet\Explo-Techno-projet\vendor\cakephp\cakephp\src\Controller\Controller.php, line 503
Cake\Controller\Controller->invokeAction() C:\xampp\htdocs\Explo-Techno-Projet\Explo-Techno-projet\vendor\cakephp\cakephp\src\Controller\ControllerFactory.php, line 166
Cake\Controller\ControllerFactory->handle() C:\xampp\htdocs\Explo-Techno-Projet\Explo-Techno-projet\vendor\cakephp\cakephp\src\Controller\ControllerFactory.php, line 141
Cake\Controller\ControllerFactory->invoke() C:\xampp\htdocs\Explo-Techno-Projet\Explo-Techno-projet\vendor\cakephp\cakephp\src\Http\BaseApplication.php, line 362
Cake\Http\BaseApplication->handle() C:\xampp\htdocs\Explo-Techno-Projet\Explo-Techno-projet\vendor\cakephp\cakephp\src\Http\Runner.php, line 86
Cake\Http\Runner->handle() C:\xampp\htdocs\Explo-Techno-Projet\Explo-Techno-projet\vendor\cakephp\cakephp\src\Http\Middleware\CsrfProtectionMiddleware.php, line 169
Cake\Http\Middleware\CsrfProtectionMiddleware->process() C:\xampp\htdocs\Explo-Techno-Projet\Explo-Techno-projet\vendor\cakephp\cakephp\src\Http\Runner.php, line 82
Cake\Http\Runner->handle() C:\xampp\htdocs\Explo-Techno-Projet\Explo-Techno-projet\vendor\cakephp\cakephp\src\Http\Middleware\BodyParserMiddleware.php, line 162
Cake\Http\Middleware\BodyParserMiddleware->process() C:\xampp\htdocs\Explo-Techno-Projet\Explo-Techno-projet\vendor\cakephp\cakephp\src\Http\Runner.php, line 82
Cake\Http\Runner->handle() C:\xampp\htdocs\Explo-Techno-Projet\Explo-Techno-projet\vendor\cakephp\cakephp\src\Routing\Middleware\RoutingMiddleware.php, line 118
Cake\Routing\Middleware\RoutingMiddleware->process() C:\xampp\htdocs\Explo-Techno-Projet\Explo-Techno-projet\vendor\cakephp\cakephp\src\Http\Runner.php, line 82
Cake\Http\Runner->handle() C:\xampp\htdocs\Explo-Techno-Projet\Explo-Techno-projet\vendor\cakephp\cakephp\src\Routing\Middleware\AssetMiddleware.php, line 69
Cake\Routing\Middleware\AssetMiddleware->process() C:\xampp\htdocs\Explo-Techno-Projet\Explo-Techno-projet\vendor\cakephp\cakephp\src\Http\Runner.php, line 82
Cake\Http\Runner->handle() C:\xampp\htdocs\Explo-Techno-Projet\Explo-Techno-projet\vendor\cakephp\cakephp\src\Error\Middleware\ErrorHandlerMiddleware.php, line 115
Cake\Error\Middleware\ErrorHandlerMiddleware->process() C:\xampp\htdocs\Explo-Techno-Projet\Explo-Techno-projet\vendor\cakephp\cakephp\src\Http\Runner.php, line 82
Cake\Http\Runner->handle() C:\xampp\htdocs\Explo-Techno-Projet\Explo-Techno-projet\vendor\cakephp\debug_kit\src\Middleware\DebugKitMiddleware.php, line 60
DebugKit\Middleware\DebugKitMiddleware->process() C:\xampp\htdocs\Explo-Techno-Projet\Explo-Techno-projet\vendor\cakephp\cakephp\src\Http\Runner.php, line 82
Cake\Http\Runner->handle() C:\xampp\htdocs\Explo-Techno-Projet\Explo-Techno-projet\vendor\cakephp\cakephp\src\Http\Runner.php, line 60
Cake\Http\Runner->run() C:\xampp\htdocs\Explo-Techno-Projet\Explo-Techno-projet\vendor\cakephp\cakephp\src\Http\Server.php, line 104
Cake\Http\Server->run() C:\xampp\htdocs\Explo-Techno-Projet\Explo-Techno-projet\webroot\index.php, line 37
[main]

